<?xml version="1.0" encoding="UTF-8"?>
<!-- Generated by org.testng.reporters.JUnitReportReporter -->
<testsuite hostname="DESKTOP-1T7CV8D" failures="0" tests="4" name="com.example.runner.CucumberRunnerTests" time="18.229" errors="0" timestamp="2024-04-02T14:59:11 CDT" skipped="0">
  <testcase classname="com.example.runner.CucumberRunnerTests" name="runScenario" time="4.457"/>
  <system-out/>
  <testcase classname="com.example.runner.CucumberRunnerTests" name="runScenario" time="4.655"/>
  <system-out/>
  <testcase classname="com.example.runner.CucumberRunnerTests" name="runScenario" time="4.736"/>
  <system-out/>
  <testcase classname="com.example.runner.CucumberRunnerTests" name="runScenario" time="4.381"/>
  <system-out/>
</testsuite> <!-- com.example.runner.CucumberRunnerTests -->
