<?xml version="1.0" encoding="UTF-8"?>
<!-- Generated by org.testng.reporters.JUnitReportReporter -->
<testsuite hostname="DESKTOP-1T7CV8D" failures="0" tests="5" name="com.example.runner.CucumberRunnerTests" time="21.022" errors="0" timestamp="2024-04-17T16:39:13 CDT" skipped="0">
  <testcase classname="com.example.runner.CucumberRunnerTests" name="runScenario" time="4.910"/>
  <system-out/>
  <testcase classname="com.example.runner.CucumberRunnerTests" name="runScenario" time="4.847"/>
  <system-out/>
  <testcase classname="com.example.runner.CucumberRunnerTests" name="runScenario" time="5.256"/>
  <system-out/>
  <testcase classname="com.example.runner.CucumberRunnerTests" name="runScenario" time="0.442"/>
  <system-out/>
  <testcase classname="com.example.runner.CucumberRunnerTests" name="runScenario" time="5.567"/>
  <system-out/>
</testsuite> <!-- com.example.runner.CucumberRunnerTests -->
