<?xml version="1.0" encoding="UTF-8"?>
<!-- Generated by org.testng.reporters.JUnitReportReporter -->
<testsuite hostname="DESKTOP-1T7CV8D" failures="0" tests="4" name="com.example.runner.CucumberRunnerTests" time="19.513" errors="0" timestamp="2024-04-16T10:58:37 CDT" skipped="0">
  <testcase classname="com.example.runner.CucumberRunnerTests" name="runScenario" time="5.116"/>
  <system-out/>
  <testcase classname="com.example.runner.CucumberRunnerTests" name="runScenario" time="4.678"/>
  <system-out/>
  <testcase classname="com.example.runner.CucumberRunnerTests" name="runScenario" time="4.835"/>
  <system-out/>
  <testcase classname="com.example.runner.CucumberRunnerTests" name="runScenario" time="4.884"/>
  <system-out/>
</testsuite> <!-- com.example.runner.CucumberRunnerTests -->
