<?xml version="1.0" encoding="UTF-8"?>
<!-- Generated by org.testng.reporters.JUnitReportReporter -->
<testsuite hostname="DESKTOP-1T7CV8D" failures="0" tests="4" name="com.example.runner.CucumberRunnerTests" time="21.389" errors="0" timestamp="2024-04-17T00:12:49 CDT" skipped="0">
  <testcase classname="com.example.runner.CucumberRunnerTests" name="runScenario" time="5.157"/>
  <system-out/>
  <testcase classname="com.example.runner.CucumberRunnerTests" name="runScenario" time="5.626"/>
  <system-out/>
  <testcase classname="com.example.runner.CucumberRunnerTests" name="runScenario" time="5.508"/>
  <system-out/>
  <testcase classname="com.example.runner.CucumberRunnerTests" name="runScenario" time="5.098"/>
  <system-out/>
</testsuite> <!-- com.example.runner.CucumberRunnerTests -->
